This file contains any messages produced by compilers while
running configure, to aid debugging if configure makes a mistake.

It was created by configure.wd, which was
generated by GNU Autoconf 2.59.  Invocation command line was

  $ ./configure.wd --enable-kbuild --disable-usb-support

## --------- ##
## Platform. ##
## --------- ##

hostname = xilinx
uname -m = x86_64
uname -r = 5.4.120-1.fc25.qubes.x86_64
uname -s = Linux
uname -v = #1 SMP Sat May 22 14:05:32 CEST 2021

/usr/bin/uname -p = unknown
/bin/uname -X     = unknown

/bin/arch              = unknown
/usr/bin/arch -k       = unknown
/usr/convex/getsysinfo = unknown
hostinfo               = unknown
/bin/machine           = unknown
/usr/bin/oslevel       = unknown
/bin/universe          = unknown

PATH: /usr/local/sbin
PATH: /usr/local/bin
PATH: /usr/sbin
PATH: /usr/bin
PATH: /sbin
PATH: /bin


## ----------- ##
## Core tests. ##
## ----------- ##

configure.wd:1282: checking for cpu architecture
configure.wd:1285: result: x86_64
configure.wd:1293: checking for WinDriver root directory
configure.wd:1296: result: /home/user/.local/Xilinx/14.7/ISE_DS/common/bin/lin64/install_script/install_drivers/linux_drivers/windriver64
configure.wd:1299: checking for linux kernel source
configure.wd:1323: result: found at /lib/modules/5.4.120-1.fc25.qubes.x86_64/build
configure.wd:1337: checking for lib directory
configure.wd:1346: result: ln -sf $(ROOT_DIR)/lib/$(SHARED_OBJECT)_32.so /usr/lib/$(SHARED_OBJECT).so; ln -sf $(ROOT_DIR)/lib/$(SHARED_OBJECT).so /usr/lib64/$(SHARED_OBJECT).so
configure.wd:1349: checking which directories to include
configure.wd:1366: result: -I/lib/modules/5.4.120-1.fc25.qubes.x86_64/source/include
configure.wd:1369: checking linux kernel version
configure.wd:1406: result: 5.4.120-1.fc25.qubes.x86_64
configure.wd:1410: checking for modules installation directory
configure.wd:1417: result: /lib/modules/5.4.120-1.fc25.qubes.x86_64/kernel/drivers/misc
configure.wd:1421: checking for gcc kernel version
configure.wd:1424: result: 6
configure.wd:1428: checking output directory
configure.wd:1431: result: LINUX.5.4.120-1.fc25.qubes.x86_64.x86_64
configure.wd:1436: checking target
configure.wd:1443: result: LINUX.5.4.120-1.fc25.qubes.x86_64.x86_64/windrvr6.o
configure.wd:1581: checking for right linked object
configure.wd:1593: result: windrvr_gcc_v3.a
configure.wd:1815: creating ./config.status

## ---------------------- ##
## Running config.status. ##
## ---------------------- ##

This file was extended by config.status, which was
generated by GNU Autoconf 2.59.  Invocation command line was

  CONFIG_FILES    = 
  CONFIG_HEADERS  = 
  CONFIG_LINKS    = 
  CONFIG_COMMANDS = 
  $ ./config.status 

on xilinx

config.status:650: creating makefile.wd.kbuild

## ---------------- ##
## Cache variables. ##
## ---------------- ##

ac_cv_env_build_alias_set=
ac_cv_env_build_alias_value=
ac_cv_env_host_alias_set=
ac_cv_env_host_alias_value=
ac_cv_env_target_alias_set=
ac_cv_env_target_alias_value=

## ----------------- ##
## Output variables. ##
## ----------------- ##

ALL_DEPS='$(OD) $(TARGET)'
CFLAGS='-c -O2 -Wall -D__KERNEL__ -DMODULE  -Wstrict-prototypes -Wno-trigraphs -fno-common 		-fomit-frame-pointer -pipe -mno-red-zone -mcmodel=kernel -fno-reorder-blocks 		-Wno-sign-compare -fno-strict-aliasing'
CLEAN_RULE='rm -rf core .*.cmd Module.symvers modules.order .tmp_versions $(OD)/*'
COBJS_RULE='$(CC) $(CFLAGS) $(EXTRA_CFLAGS) -c -o $@ $<'
CSRCS='linux_wrappers.c'
DEFS='-DPACKAGE_NAME=\"\" -DPACKAGE_TARNAME=\"\" -DPACKAGE_VERSION=\"\" -DPACKAGE_STRING=\"\" -DPACKAGE_BUGREPORT=\"\" '
DEV_CHANGE_PERMISSION_MSG='change the permissions of /dev/windrvr6'
ECHO_C=''
ECHO_N='-n'
ECHO_T=''
EXTRA_CFLAGS='-DLINUX -DWINDRIVER_KERNEL  -I/lib/modules/5.4.120-1.fc25.qubes.x86_64/source/include -I/home/user/.local/Xilinx/14.7/ISE_DS/common/bin/lin64/install_script/install_drivers/linux_drivers/windriver64/include -I/home/user/.local/Xilinx/14.7/ISE_DS/common/bin/lin64/install_script/install_drivers/linux_drivers/windriver64 '
KBUILD_MV_RULE='mv -f *.ko *.o *.mod.c $(OD)/'
KBUILD_RULE='make -C $(KERNEL_DIR) M=`pwd` modules'
KERNEL_DIR='/lib/modules/5.4.120-1.fc25.qubes.x86_64/build'
LDFLAGS=''
LIBOBJS=''
LIBS=''
LINK_LIB='ln -sf $(ROOT_DIR)/lib/$(SHARED_OBJECT)_32.so /usr/lib/$(SHARED_OBJECT).so; ln -sf $(ROOT_DIR)/lib/$(SHARED_OBJECT).so /usr/lib64/$(SHARED_OBJECT).so'
LINK_OBJ='windrvr_gcc_v3.a'
LTLIBOBJS=''
MODDIR='/lib/modules/5.4.120-1.fc25.qubes.x86_64/kernel/drivers/misc'
MODPOST_CC_RULE=''
MODPOST_RULE='# modpost is not needed for kernel <= 2.4'
MODULE_NAME='windrvr6'
OD='LINUX.5.4.120-1.fc25.qubes.x86_64.x86_64'
OD_RULE='-@ mkdir $@'
PACKAGE_BUGREPORT=''
PACKAGE_NAME=''
PACKAGE_STRING=''
PACKAGE_TARNAME=''
PACKAGE_VERSION=''
PATH_SEPARATOR=':'
ROOT_DIR='/home/user/.local/Xilinx/14.7/ISE_DS/common/bin/lin64/install_script/install_drivers/linux_drivers/windriver64'
SHARED_OBJECT='libwdapi1031'
SHELL='/bin/bash'
TARGET='LINUX.5.4.120-1.fc25.qubes.x86_64.x86_64/windrvr6.o'
TARGET_DEPS='$(COBJS) $(LINK_OBJ)'
TARGET_RULE='$(LD) $(LDFLAGS) -r -o $@ $^'
TEMP_RULE='# __temp_link is not need for kernel <= 2.4'
USE_UDEV='no'
bindir='${exec_prefix}/bin'
build_alias=''
datadir='${prefix}/share'
exec_prefix='${prefix}'
host_alias=''
includedir='${prefix}/include'
infodir='${prefix}/info'
libdir='${exec_prefix}/lib'
libexecdir='${exec_prefix}/libexec'
localstatedir='${prefix}/var'
mandir='${prefix}/man'
oldincludedir='/usr/include'
prefix='/usr/local'
program_transform_name='s,x,x,'
sbindir='${exec_prefix}/sbin'
sharedstatedir='${prefix}/com'
sysconfdir='${prefix}/etc'
target_alias=''

## ----------- ##
## confdefs.h. ##
## ----------- ##

#define PACKAGE_BUGREPORT ""
#define PACKAGE_NAME ""
#define PACKAGE_STRING ""
#define PACKAGE_TARNAME ""
#define PACKAGE_VERSION ""

configure.wd: exit 0
